<?xml version="1.0" encoding="UTF-8"?>
<testng-results skipped="0" failed="0" total="1" passed="1">
  <reporter-output>
  </reporter-output>
  <suite name="Default suite" duration-ms="315266" started-at="2016-01-05T14:20:41Z" finished-at="2016-01-05T14:25:56Z">
    <groups>
    </groups>
    <test name="Default test" duration-ms="315266" started-at="2016-01-05T14:20:41Z" finished-at="2016-01-05T14:25:56Z">
      <class name="com.Run_CustomParam.Run_CustomParam">
        <test-method status="PASS" signature="beforeTest()[pri:0, instance:com.Run_CustomParam.Run_CustomParam@6b71769e]" name="beforeTest" is-config="true" duration-ms="94210" started-at="2016-01-05T19:50:41Z" finished-at="2016-01-05T19:52:15Z">
          <reporter-output>
          </reporter-output>
        </test-method> <!-- beforeTest -->
        <test-method status="PASS" signature="Run_CustomParam()[pri:0, instance:com.Run_CustomParam.Run_CustomParam@6b71769e]" name="Run_CustomParam" duration-ms="221045" started-at="2016-01-05T19:52:15Z" finished-at="2016-01-05T19:55:56Z">
          <reporter-output>
          </reporter-output>
        </test-method> <!-- Run_CustomParam -->
        <test-method status="PASS" signature="afterTest()[pri:0, instance:com.Run_CustomParam.Run_CustomParam@6b71769e]" name="afterTest" is-config="true" duration-ms="0" started-at="2016-01-05T19:55:56Z" finished-at="2016-01-05T19:55:56Z">
          <reporter-output>
          </reporter-output>
        </test-method> <!-- afterTest -->
      </class> <!-- com.Run_CustomParam.Run_CustomParam -->
    </test> <!-- Default test -->
  </suite> <!-- Default suite -->
</testng-results>
